Log file open, 12/11/19 22:30:15
LogWindows: Failed to load 'aqProf.dll' (GetLastError=126)
LogWindows: File 'aqProf.dll' does not exist
LogWindows: Failed to load 'VtuneApi.dll' (GetLastError=126)
LogWindows: File 'VtuneApi.dll' does not exist
LogWindows: Failed to load 'VtuneApi32e.dll' (GetLastError=126)
LogWindows: File 'VtuneApi32e.dll' does not exist
LogConsoleResponse: Display: Failed to find resolution value strings in scalability ini. Falling back to default.
LogInit: Display: Running engine for game: WarProject_NathanJ
LogInit: Display: Project file not found: ../../../WarProject_NathanJ/WarProject_NathanJ.uproject
LogInit: Display: 	Attempting to find via project info helper.
LogUProjectInfo: Found projects:
LogPakFile: Display: Found Pak file ../../../WarProject_NathanJ/Content/Paks/WarProject_NathanJ-WindowsNoEditor.pak attempting to mount.
LogPakFile: Display: Mounting pak file ../../../WarProject_NathanJ/Content/Paks/WarProject_NathanJ-WindowsNoEditor.pak.
LogPlatformFile: Not using cached read wrapper
LogTaskGraph: Started task graph with 5 named threads and 23 total threads with 3 sets of task threads.
LogStats: Stats thread started at 0.039018
LogD3D11RHI: Loaded GFSDK_Aftermath_Lib.x64.dll
LogICUInternationalization: ICU TimeZone Detection - Raw Offset: -6:00, Platform Override: ''
LogPluginManager: Mounting plugin Paper2D
LogPluginManager: Mounting plugin AISupport
LogPluginManager: Mounting plugin LightPropagationVolume
LogPluginManager: Mounting plugin AnimationSharing
LogPluginManager: Mounting plugin SignificanceManager
LogPluginManager: Mounting plugin AssetManagerEditor
LogPluginManager: Mounting plugin CryptoKeys
LogPluginManager: Mounting plugin CurveEditorTools
LogPluginManager: Mounting plugin FacialAnimation
LogPluginManager: Mounting plugin DatasmithContent
LogPluginManager: Mounting plugin VariantManagerContent
LogPluginManager: Mounting plugin AlembicImporter
LogPluginManager: Mounting plugin GeometryCache
LogPluginManager: Mounting plugin AutomationUtils
LogPluginManager: Mounting plugin ScreenshotTools
LogPluginManager: Mounting plugin BackChannel
LogPluginManager: Mounting plugin CharacterAI
LogPluginManager: Mounting plugin HTML5Networking
LogPluginManager: Mounting plugin PlatformCrypto
LogPluginManager: Mounting plugin AvfMedia
LogPluginManager: Mounting plugin ImgMedia
LogPluginManager: Mounting plugin MediaCompositing
LogPluginManager: Mounting plugin WmfMedia
LogPluginManager: Mounting plugin TcpMessaging
LogPluginManager: Mounting plugin UdpMessaging
LogPluginManager: Mounting plugin ActorSequence
LogPluginManager: Mounting plugin NetcodeUnitTest
LogPluginManager: Mounting plugin NUTUnrealEngine4
LogPluginManager: Mounting plugin OnlineSubsystemNull
LogPluginManager: Mounting plugin OnlineSubsystem
LogPluginManager: Mounting plugin OnlineSubsystemUtils
LogPluginManager: Mounting plugin LauncherChunkInstaller
LogPluginManager: Mounting plugin AndroidPermission
LogPluginManager: Mounting plugin AppleImageUtils
LogPluginManager: Mounting plugin ArchVisCharacter
LogPluginManager: Mounting plugin AudioCapture
LogPluginManager: Mounting plugin CableComponent
LogPluginManager: Mounting plugin CustomMeshComponent
LogPluginManager: Mounting plugin EditableMesh
LogPluginManager: Mounting plugin ExampleDeviceProfileSelector
LogPluginManager: Mounting plugin LocationServicesBPLibrary
LogPluginManager: Mounting plugin MobilePatchingUtils
LogPluginManager: Mounting plugin OculusVR
LogPluginManager: Mounting plugin ProceduralMeshComponent
LogPluginManager: Mounting plugin PhysXVehicles
LogPluginManager: Mounting plugin RuntimePhysXCooking
LogPluginManager: Mounting plugin SteamVR
LogPluginManager: Mounting plugin WebMMoviePlayer
LogPluginManager: Mounting plugin WebMMedia
LogPluginManager: Mounting plugin WindowsMoviePlayer
LogInit: Using libcurl 7.55.1-DEV
LogInit:  - built for x86_64-pc-win32
LogInit:  - supports SSL with OpenSSL/1.1.1
LogInit:  - supports HTTP deflate (compression) using libz 1.2.8
LogInit:  - other features:
LogInit:      CURL_VERSION_SSL
LogInit:      CURL_VERSION_LIBZ
LogInit:      CURL_VERSION_IPV6
LogInit:      CURL_VERSION_ASYNCHDNS
LogInit:      CURL_VERSION_LARGEFILE
LogInit:      CURL_VERSION_IDN
LogInit:  CurlRequestOptions (configurable via config and command line):
LogInit:  - bVerifyPeer = true  - Libcurl will verify peer certificate
LogInit:  - bUseHttpProxy = false  - Libcurl will NOT use HTTP proxy
LogInit:  - bDontReuseConnections = false  - Libcurl will reuse connections
LogInit:  - MaxHostConnections = 16  - Libcurl will limit the number of connections to a host
LogInit:  - LocalHostAddr = Default
LogInit:  - BufferSize = 65536
LogOnline: OSS: Creating online subsystem instance for: NULL
LogInit: WinSock: version 1.1 (2.2), MaxSocks=32767, MaxUdp=65467
LogInit: Build: ++UE4+Release-4.23-CL-9631420
LogInit: Engine Version: 4.23.1-9631420+++UE4+Release-4.23
LogInit: Compatible Engine Version: 4.23.0-8386587+++UE4+Release-4.23
LogInit: Net CL: 8386587
LogInit: OS: Windows 10 (Release 1903) (), CPU: Intel(R) Core(TM) i7-7700HQ CPU @ 2.80GHz, GPU: NVIDIA GeForce GTX 1060
LogInit: Compiled (64-bit): Oct 18 2019 02:43:36
LogInit: Compiled with Visual C++: 19.16.27030.01
LogInit: Build Configuration: Development
LogInit: Branch Name: ++UE4+Release-4.23
LogInit: Command Line: 
LogInit: Base Directory: C:/Users/0ne5iveSe7en/Desktop/WarProject/Game/WarProject_NathanJ/WindowsNoEditor/Engine/Binaries/Win64/
LogInit: Installed Engine Build: 0
LogDevObjectVersion: Number of dev versions registered: 23
LogDevObjectVersion:   Dev-Blueprints (B0D832E4-1F89-4F0D-ACCF-7EB736FD4AA2): 10
LogDevObjectVersion:   Dev-Build (E1C64328-A22C-4D53-A36C-8E866417BD8C): 0
LogDevObjectVersion:   Dev-Core (375EC13C-06E4-48FB-B500-84F0262A717E): 3
LogDevObjectVersion:   Dev-Editor (E4B068ED-F494-42E9-A231-DA0B2E46BB41): 34
LogDevObjectVersion:   Dev-Framework (CFFC743F-43B0-4480-9391-14DF171D2073): 35
LogDevObjectVersion:   Dev-Mobile (B02B49B5-BB20-44E9-A304-32B752E40360): 2
LogDevObjectVersion:   Dev-Networking (A4E4105C-59A1-49B5-A7C5-40C4547EDFEE): 0
LogDevObjectVersion:   Dev-Online (39C831C9-5AE6-47DC-9A44-9C173E1C8E7C): 0
LogDevObjectVersion:   Dev-Physics (78F01B33-EBEA-4F98-B9B4-84EACCB95AA2): 0
LogDevObjectVersion:   Dev-Platform (6631380F-2D4D-43E0-8009-CF276956A95A): 0
LogDevObjectVersion:   Dev-Rendering (12F88B9F-8875-4AFC-A67C-D90C383ABD29): 31
LogDevObjectVersion:   Dev-Sequencer (7B5AE74C-D270-4C10-A958-57980B212A5A): 11
LogDevObjectVersion:   Dev-VR (D7296918-1DD6-4BDD-9DE2-64A83CC13884): 2
LogDevObjectVersion:   Dev-LoadTimes (C2A15278-BFE7-4AFE-6C17-90FF531DF755): 1
LogDevObjectVersion:   Private-Geometry (6EACA3D4-40EC-4CC1-B786-8BED09428FC5): 3
LogDevObjectVersion:   Dev-AnimPhys (29E575DD-E0A3-4627-9D10-D276232CDCEA): 17
LogDevObjectVersion:   Dev-Anim (AF43A65D-7FD3-4947-9873-3E8ED9C1BB05): 2
LogDevObjectVersion:   Dev-ReflectionCapture (6B266CEC-1EC7-4B8F-A30B-E4D90942FC07): 1
LogDevObjectVersion:   Dev-Automation (0DF73D61-A23F-47EA-B727-89E90C41499A): 1
LogDevObjectVersion:   FortniteMain (601D1886-AC64-4F84-AA16-D3DE0DEAC7D6): 27
LogDevObjectVersion:   Dev-Enterprise (9DFFBCD6-494F-0158-E221-12823C92A888): 6
LogDevObjectVersion:   Dev-Niagara (F2AED0AC-9AFE-416F-8664-AA7FFA26D6FC): 1
LogDevObjectVersion:   Dev-Destruction (174F1F0B-B4C6-45A5-B13F-2EE8D0FB917D): 9
LogInit: Presizing for max 2097152 objects, including 1 objects not considered by GC, pre-allocating 0 bytes for permanent pool.
LogStreaming: Display: Async Loading initialized: Event Driven Loader: true, Async Loading Thread: false, Async Post Load: true
LogInit: Object subsystem initialized
LogConfig: Setting CVar [[con.DebugEarlyDefault:1]]
LogConfig: Setting CVar [[r.setres:1280x720]]
[2019.12.12-04.30.15:892][  0]LogConfig: Setting CVar [[con.DebugEarlyDefault:1]]
[2019.12.12-04.30.15:892][  0]LogConfig: Setting CVar [[r.setres:1280x720]]
[2019.12.12-04.30.15:892][  0]LogConfig: Applying CVar settings from Section [/Script/Engine.RendererSettings] File [../../../WarProject_NathanJ/Saved/Config/WindowsNoEditor/Engine.ini]
[2019.12.12-04.30.15:893][  0]LogConfig: Setting CVar [[r.GPUCrashDebugging:0]]
[2019.12.12-04.30.15:893][  0]LogConfig: Applying CVar settings from Section [/Script/Engine.RendererOverrideSettings] File [../../../WarProject_NathanJ/Saved/Config/WindowsNoEditor/Engine.ini]
[2019.12.12-04.30.15:893][  0]LogConfig: Applying CVar settings from Section [/Script/Engine.StreamingSettings] File [../../../WarProject_NathanJ/Saved/Config/WindowsNoEditor/Engine.ini]
[2019.12.12-04.30.15:893][  0]LogConfig: Setting CVar [[s.MinBulkDataSizeForAsyncLoading:131072]]
[2019.12.12-04.30.15:893][  0]LogConfig: Setting CVar [[s.AsyncLoadingThreadEnabled:0]]
[2019.12.12-04.30.15:893][  0]LogConfig: Setting CVar [[s.EventDrivenLoaderEnabled:1]]
[2019.12.12-04.30.15:893][  0]LogConfig: Setting CVar [[s.WarnIfTimeLimitExceeded:0]]
[2019.12.12-04.30.15:893][  0]LogConfig: Setting CVar [[s.TimeLimitExceededMultiplier:1.5]]
[2019.12.12-04.30.15:893][  0]LogConfig: Setting CVar [[s.TimeLimitExceededMinTime:0.005]]
[2019.12.12-04.30.15:893][  0]LogConfig: Setting CVar [[s.UseBackgroundLevelStreaming:1]]
[2019.12.12-04.30.15:893][  0]LogConfig: Setting CVar [[s.PriorityAsyncLoadingExtraTime:15.0]]
[2019.12.12-04.30.15:893][  0]LogConfig: Setting CVar [[s.LevelStreamingActorsUpdateTimeLimit:5.0]]
[2019.12.12-04.30.15:893][  0]LogConfig: Setting CVar [[s.PriorityLevelStreamingActorsUpdateExtraTime:5.0]]
[2019.12.12-04.30.15:893][  0]LogConfig: Setting CVar [[s.LevelStreamingComponentsRegistrationGranularity:10]]
[2019.12.12-04.30.15:893][  0]LogConfig: Setting CVar [[s.UnregisterComponentsTimeLimit:1.0]]
[2019.12.12-04.30.15:893][  0]LogConfig: Setting CVar [[s.LevelStreamingComponentsUnregistrationGranularity:5]]
[2019.12.12-04.30.15:893][  0]LogConfig: Applying CVar settings from Section [/Script/Engine.GarbageCollectionSettings] File [../../../WarProject_NathanJ/Saved/Config/WindowsNoEditor/Engine.ini]
[2019.12.12-04.30.15:893][  0]LogConfig: Setting CVar [[gc.MaxObjectsNotConsideredByGC:1]]
[2019.12.12-04.30.15:893][  0]LogConfig: Setting CVar [[gc.SizeOfPermanentObjectPool:0]]
[2019.12.12-04.30.15:893][  0]LogConfig: Setting CVar [[gc.FlushStreamingOnGC:0]]
[2019.12.12-04.30.15:893][  0]LogConfig: Setting CVar [[gc.NumRetriesBeforeForcingGC:10]]
[2019.12.12-04.30.15:893][  0]LogConfig: Setting CVar [[gc.AllowParallelGC:1]]
[2019.12.12-04.30.15:893][  0]LogConfig: Setting CVar [[gc.TimeBetweenPurgingPendingKillObjects:61.1]]
[2019.12.12-04.30.15:893][  0]LogConfig: Setting CVar [[gc.MaxObjectsInEditor:16777216]]
[2019.12.12-04.30.15:893][  0]LogConfig: Setting CVar [[gc.IncrementalBeginDestroyEnabled:1]]
[2019.12.12-04.30.15:893][  0]LogConfig: Setting CVar [[gc.CreateGCClusters:1]]
[2019.12.12-04.30.15:893][  0]LogConfig: Setting CVar [[gc.MinGCClusterSize:5]]
[2019.12.12-04.30.15:893][  0]LogConfig: Setting CVar [[gc.ActorClusteringEnabled:0]]
[2019.12.12-04.30.15:893][  0]LogConfig: Setting CVar [[gc.BlueprintClusteringEnabled:0]]
[2019.12.12-04.30.15:893][  0]LogConfig: Setting CVar [[gc.UseDisregardForGCOnDedicatedServers:0]]
[2019.12.12-04.30.15:893][  0]LogConfig: Applying CVar settings from Section [/Script/Engine.NetworkSettings] File [../../../WarProject_NathanJ/Saved/Config/WindowsNoEditor/Engine.ini]
[2019.12.12-04.30.15:896][  0]LogConfig: Applying CVar settings from Section [ViewDistanceQuality@3] File [../../../WarProject_NathanJ/Saved/Config/WindowsNoEditor/Scalability.ini]
[2019.12.12-04.30.15:896][  0]LogConfig: Setting CVar [[r.SkeletalMeshLODBias:0]]
[2019.12.12-04.30.15:896][  0]LogConfig: Setting CVar [[r.ViewDistanceScale:1.0]]
[2019.12.12-04.30.15:896][  0]LogConfig: Applying CVar settings from Section [AntiAliasingQuality@3] File [../../../WarProject_NathanJ/Saved/Config/WindowsNoEditor/Scalability.ini]
[2019.12.12-04.30.15:896][  0]LogConfig: Setting CVar [[r.PostProcessAAQuality:4]]
[2019.12.12-04.30.15:896][  0]LogConfig: Applying CVar settings from Section [ShadowQuality@3] File [../../../WarProject_NathanJ/Saved/Config/WindowsNoEditor/Scalability.ini]
[2019.12.12-04.30.15:896][  0]LogConfig: Setting CVar [[r.LightFunctionQuality:1]]
[2019.12.12-04.30.15:896][  0]LogConfig: Setting CVar [[r.ShadowQuality:5]]
[2019.12.12-04.30.15:896][  0]LogConfig: Setting CVar [[r.Shadow.CSM.MaxCascades:10]]
[2019.12.12-04.30.15:896][  0]LogConfig: Setting CVar [[r.Shadow.MaxResolution:2048]]
[2019.12.12-04.30.15:896][  0]LogConfig: Setting CVar [[r.Shadow.MaxCSMResolution:2048]]
[2019.12.12-04.30.15:896][  0]LogConfig: Setting CVar [[r.Shadow.RadiusThreshold:0.01]]
[2019.12.12-04.30.15:896][  0]LogConfig: Setting CVar [[r.Shadow.DistanceScale:1.0]]
[2019.12.12-04.30.15:896][  0]LogConfig: Setting CVar [[r.Shadow.CSM.TransitionScale:1.0]]
[2019.12.12-04.30.15:896][  0]LogConfig: Setting CVar [[r.Shadow.PreShadowResolutionFactor:1.0]]
[2019.12.12-04.30.15:896][  0]LogConfig: Setting CVar [[r.DistanceFieldShadowing:1]]
[2019.12.12-04.30.15:896][  0]LogConfig: Setting CVar [[r.DistanceFieldAO:1]]
[2019.12.12-04.30.15:896][  0]LogConfig: Setting CVar [[r.AOQuality:2]]
[2019.12.12-04.30.15:896][  0]LogConfig: Setting CVar [[r.VolumetricFog:1]]
[2019.12.12-04.30.15:896][  0]LogConfig: Setting CVar [[r.VolumetricFog.GridPixelSize:8]]
[2019.12.12-04.30.15:896][  0]LogConfig: Setting CVar [[r.VolumetricFog.GridSizeZ:128]]
[2019.12.12-04.30.15:896][  0]LogConfig: Setting CVar [[r.VolumetricFog.HistoryMissSupersampleCount:4]]
[2019.12.12-04.30.15:896][  0]LogConfig: Setting CVar [[r.LightMaxDrawDistanceScale:1]]
[2019.12.12-04.30.15:896][  0]LogConfig: Setting CVar [[r.CapsuleShadows:1]]
[2019.12.12-04.30.15:896][  0]LogConfig: Applying CVar settings from Section [PostProcessQuality@3] File [../../../WarProject_NathanJ/Saved/Config/WindowsNoEditor/Scalability.ini]
[2019.12.12-04.30.15:897][  0]LogConfig: Setting CVar [[r.MotionBlurQuality:4]]
[2019.12.12-04.30.15:897][  0]LogConfig: Setting CVar [[r.AmbientOcclusionMipLevelFactor:0.4]]
[2019.12.12-04.30.15:897][  0]LogConfig: Setting CVar [[r.AmbientOcclusionMaxQuality:100]]
[2019.12.12-04.30.15:897][  0]LogConfig: Setting CVar [[r.AmbientOcclusionLevels:-1]]
[2019.12.12-04.30.15:897][  0]LogConfig: Setting CVar [[r.AmbientOcclusionRadiusScale:1.0]]
[2019.12.12-04.30.15:897][  0]LogConfig: Setting CVar [[r.DepthOfFieldQuality:2]]
[2019.12.12-04.30.15:897][  0]LogConfig: Setting CVar [[r.RenderTargetPoolMin:400]]
[2019.12.12-04.30.15:897][  0]LogConfig: Setting CVar [[r.LensFlareQuality:2]]
[2019.12.12-04.30.15:897][  0]LogConfig: Setting CVar [[r.SceneColorFringeQuality:1]]
[2019.12.12-04.30.15:897][  0]LogConfig: Setting CVar [[r.EyeAdaptationQuality:2]]
[2019.12.12-04.30.15:897][  0]LogConfig: Setting CVar [[r.BloomQuality:5]]
[2019.12.12-04.30.15:897][  0]LogConfig: Setting CVar [[r.FastBlurThreshold:100]]
[2019.12.12-04.30.15:897][  0]LogConfig: Setting CVar [[r.Upscale.Quality:3]]
[2019.12.12-04.30.15:897][  0]LogConfig: Setting CVar [[r.Tonemapper.GrainQuantization:1]]
[2019.12.12-04.30.15:897][  0]LogConfig: Setting CVar [[r.LightShaftQuality:1]]
[2019.12.12-04.30.15:897][  0]LogConfig: Setting CVar [[r.Filter.SizeScale:1]]
[2019.12.12-04.30.15:897][  0]LogConfig: Setting CVar [[r.Tonemapper.Quality:5]]
[2019.12.12-04.30.15:897][  0]LogConfig: Setting CVar [[r.DOF.Gather.AccumulatorQuality:1        ; higher gathering accumulator quality]]
[2019.12.12-04.30.15:897][  0]LogConfig: Setting CVar [[r.DOF.Gather.PostfilterMethod:1          ; Median3x3 postfilering method]]
[2019.12.12-04.30.15:897][  0]LogConfig: Setting CVar [[r.DOF.Gather.EnableBokehSettings:0       ; no bokeh simulation when gathering]]
[2019.12.12-04.30.15:897][  0]LogConfig: Setting CVar [[r.DOF.Gather.RingCount:4                 ; medium number of samples when gathering]]
[2019.12.12-04.30.15:897][  0]LogConfig: Setting CVar [[r.DOF.Scatter.ForegroundCompositing:1    ; additive foreground scattering]]
[2019.12.12-04.30.15:897][  0]LogConfig: Setting CVar [[r.DOF.Scatter.BackgroundCompositing:2    ; additive background scattering]]
[2019.12.12-04.30.15:897][  0]LogConfig: Setting CVar [[r.DOF.Scatter.EnableBokehSettings:1      ; bokeh simulation when scattering]]
[2019.12.12-04.30.15:897][  0]LogConfig: Setting CVar [[r.DOF.Scatter.MaxSpriteRatio:0.1         ; only a maximum of 10% of scattered bokeh]]
[2019.12.12-04.30.15:897][  0]LogConfig: Setting CVar [[r.DOF.Recombine.Quality:1                ; cheap slight out of focus]]
[2019.12.12-04.30.15:897][  0]LogConfig: Setting CVar [[r.DOF.Recombine.EnableBokehSettings:0    ; no bokeh simulation on slight out of focus]]
[2019.12.12-04.30.15:897][  0]LogConfig: Setting CVar [[r.DOF.TemporalAAQuality:1                ; more stable temporal accumulation]]
[2019.12.12-04.30.15:897][  0]LogConfig: Setting CVar [[r.DOF.Kernel.MaxForegroundRadius:0.025]]
[2019.12.12-04.30.15:897][  0]LogConfig: Setting CVar [[r.DOF.Kernel.MaxBackgroundRadius:0.025]]
[2019.12.12-04.30.15:897][  0]LogConfig: Applying CVar settings from Section [TextureQuality@3] File [../../../WarProject_NathanJ/Saved/Config/WindowsNoEditor/Scalability.ini]
[2019.12.12-04.30.15:897][  0]LogConfig: Setting CVar [[r.Streaming.MipBias:0]]
[2019.12.12-04.30.15:897][  0]LogConfig: Setting CVar [[r.Streaming.AmortizeCPUToGPUCopy:0]]
[2019.12.12-04.30.15:897][  0]LogConfig: Setting CVar [[r.Streaming.MaxNumTexturesToStreamPerFrame:0]]
[2019.12.12-04.30.15:897][  0]LogConfig: Setting CVar [[r.Streaming.Boost:1]]
[2019.12.12-04.30.15:897][  0]LogConfig: Setting CVar [[r.MaxAnisotropy:8]]
[2019.12.12-04.30.15:897][  0]LogConfig: Setting CVar [[r.Streaming.LimitPoolSizeToVRAM:0]]
[2019.12.12-04.30.15:897][  0]LogConfig: Setting CVar [[r.Streaming.PoolSize:1000]]
[2019.12.12-04.30.15:897][  0]LogConfig: Setting CVar [[r.Streaming.MaxEffectiveScreenSize:0]]
[2019.12.12-04.30.15:897][  0]LogConfig: Applying CVar settings from Section [EffectsQuality@3] File [../../../WarProject_NathanJ/Saved/Config/WindowsNoEditor/Scalability.ini]
[2019.12.12-04.30.15:897][  0]LogConfig: Setting CVar [[r.TranslucencyLightingVolumeDim:64]]
[2019.12.12-04.30.15:897][  0]LogConfig: Setting CVar [[r.RefractionQuality:2]]
[2019.12.12-04.30.15:897][  0]LogConfig: Setting CVar [[r.SSR.Quality:3]]
[2019.12.12-04.30.15:897][  0]LogConfig: Setting CVar [[r.SceneColorFormat:4]]
[2019.12.12-04.30.15:897][  0]LogConfig: Setting CVar [[r.DetailMode:2]]
[2019.12.12-04.30.15:897][  0]LogConfig: Setting CVar [[r.TranslucencyVolumeBlur:1]]
[2019.12.12-04.30.15:897][  0]LogConfig: Setting CVar [[r.MaterialQualityLevel:1 ; High quality]]
[2019.12.12-04.30.15:897][  0]LogConfig: Setting CVar [[r.SSS.Scale:1]]
[2019.12.12-04.30.15:897][  0]LogConfig: Setting CVar [[r.SSS.SampleSet:2]]
[2019.12.12-04.30.15:897][  0]LogConfig: Setting CVar [[r.SSS.Quality:1]]
[2019.12.12-04.30.15:897][  0]LogConfig: Setting CVar [[r.SSS.HalfRes:1]]
[2019.12.12-04.30.15:897][  0]LogConfig: Setting CVar [[r.EmitterSpawnRateScale:1.0]]
[2019.12.12-04.30.15:897][  0]LogConfig: Setting CVar [[r.ParticleLightQuality:2]]
[2019.12.12-04.30.15:897][  0]LogConfig: Applying CVar settings from Section [FoliageQuality@3] File [../../../WarProject_NathanJ/Saved/Config/WindowsNoEditor/Scalability.ini]
[2019.12.12-04.30.15:897][  0]LogConfig: Setting CVar [[foliage.DensityScale:1.0]]
[2019.12.12-04.30.15:897][  0]LogConfig: Setting CVar [[grass.DensityScale:1.0]]
[2019.12.12-04.30.15:898][  0]LogInit: Selected Device Profile: [WindowsNoEditor]
[2019.12.12-04.30.15:898][  0]LogInit: Applying CVar settings loaded from the selected device profile: [WindowsNoEditor]
[2019.12.12-04.30.15:900][  0]LogHAL: Display: Platform has ~ 16 GB [17133588480 / 17179869184 / 16], which maps to Larger [LargestMinGB=32, LargerMinGB=12, DefaultMinGB=8, SmallerMinGB=6, SmallestMinGB=0)
[2019.12.12-04.30.15:900][  0]LogInit: Going up to parent DeviceProfile [Windows]
[2019.12.12-04.30.15:900][  0]LogInit: Going up to parent DeviceProfile []
[2019.12.12-04.30.15:900][  0]LogConfig: Applying CVar settings from Section [ViewDistanceQuality@3] File [../../../WarProject_NathanJ/Saved/Config/WindowsNoEditor/Scalability.ini]
[2019.12.12-04.30.15:900][  0]LogConfig: Setting CVar [[r.SkeletalMeshLODBias:0]]
[2019.12.12-04.30.15:901][  0]LogConfig: Setting CVar [[r.ViewDistanceScale:1.0]]
[2019.12.12-04.30.15:901][  0]LogConfig: Applying CVar settings from Section [AntiAliasingQuality@3] File [../../../WarProject_NathanJ/Saved/Config/WindowsNoEditor/Scalability.ini]
[2019.12.12-04.30.15:901][  0]LogConfig: Setting CVar [[r.PostProcessAAQuality:4]]
[2019.12.12-04.30.15:901][  0]LogConfig: Applying CVar settings from Section [ShadowQuality@3] File [../../../WarProject_NathanJ/Saved/Config/WindowsNoEditor/Scalability.ini]
[2019.12.12-04.30.15:901][  0]LogConfig: Setting CVar [[r.LightFunctionQuality:1]]
[2019.12.12-04.30.15:901][  0]LogConfig: Setting CVar [[r.ShadowQuality:5]]
[2019.12.12-04.30.15:901][  0]LogConfig: Setting CVar [[r.Shadow.CSM.MaxCascades:10]]
[2019.12.12-04.30.15:901][  0]LogConfig: Setting CVar [[r.Shadow.MaxResolution:2048]]
[2019.12.12-04.30.15:901][  0]LogConfig: Setting CVar [[r.Shadow.MaxCSMResolution:2048]]
[2019.12.12-04.30.15:901][  0]LogConfig: Setting CVar [[r.Shadow.RadiusThreshold:0.01]]
[2019.12.12-04.30.15:901][  0]LogConfig: Setting CVar [[r.Shadow.DistanceScale:1.0]]
[2019.12.12-04.30.15:901][  0]LogConfig: Setting CVar [[r.Shadow.CSM.TransitionScale:1.0]]
[2019.12.12-04.30.15:901][  0]LogConfig: Setting CVar [[r.Shadow.PreShadowResolutionFactor:1.0]]
[2019.12.12-04.30.15:901][  0]LogConfig: Setting CVar [[r.DistanceFieldShadowing:1]]
[2019.12.12-04.30.15:901][  0]LogConfig: Setting CVar [[r.DistanceFieldAO:1]]
[2019.12.12-04.30.15:901][  0]LogConfig: Setting CVar [[r.AOQuality:2]]
[2019.12.12-04.30.15:901][  0]LogConfig: Setting CVar [[r.VolumetricFog:1]]
[2019.12.12-04.30.15:901][  0]LogConfig: Setting CVar [[r.VolumetricFog.GridPixelSize:8]]
[2019.12.12-04.30.15:901][  0]LogConfig: Setting CVar [[r.VolumetricFog.GridSizeZ:128]]
[2019.12.12-04.30.15:901][  0]LogConfig: Setting CVar [[r.VolumetricFog.HistoryMissSupersampleCount:4]]
[2019.12.12-04.30.15:901][  0]LogConfig: Setting CVar [[r.LightMaxDrawDistanceScale:1]]
[2019.12.12-04.30.15:901][  0]LogConfig: Setting CVar [[r.CapsuleShadows:1]]
[2019.12.12-04.30.15:901][  0]LogConfig: Applying CVar settings from Section [PostProcessQuality@3] File [../../../WarProject_NathanJ/Saved/Config/WindowsNoEditor/Scalability.ini]
[2019.12.12-04.30.15:901][  0]LogConfig: Setting CVar [[r.MotionBlurQuality:4]]
[2019.12.12-04.30.15:901][  0]LogConfig: Setting CVar [[r.AmbientOcclusionMipLevelFactor:0.4]]
[2019.12.12-04.30.15:901][  0]LogConfig: Setting CVar [[r.AmbientOcclusionMaxQuality:100]]
[2019.12.12-04.30.15:901][  0]LogConfig: Setting CVar [[r.AmbientOcclusionLevels:-1]]
[2019.12.12-04.30.15:901][  0]LogConfig: Setting CVar [[r.AmbientOcclusionRadiusScale:1.0]]
[2019.12.12-04.30.15:901][  0]LogConfig: Setting CVar [[r.DepthOfFieldQuality:2]]
[2019.12.12-04.30.15:901][  0]LogConfig: Setting CVar [[r.RenderTargetPoolMin:400]]
[2019.12.12-04.30.15:901][  0]LogConfig: Setting CVar [[r.LensFlareQuality:2]]
[2019.12.12-04.30.15:901][  0]LogConfig: Setting CVar [[r.SceneColorFringeQuality:1]]
[2019.12.12-04.30.15:901][  0]LogConfig: Setting CVar [[r.EyeAdaptationQuality:2]]
[2019.12.12-04.30.15:901][  0]LogConfig: Setting CVar [[r.BloomQuality:5]]
[2019.12.12-04.30.15:901][  0]LogConfig: Setting CVar [[r.FastBlurThreshold:100]]
[2019.12.12-04.30.15:901][  0]LogConfig: Setting CVar [[r.Upscale.Quality:3]]
[2019.12.12-04.30.15:901][  0]LogConfig: Setting CVar [[r.Tonemapper.GrainQuantization:1]]
[2019.12.12-04.30.15:901][  0]LogConfig: Setting CVar [[r.LightShaftQuality:1]]
[2019.12.12-04.30.15:901][  0]LogConfig: Setting CVar [[r.Filter.SizeScale:1]]
[2019.12.12-04.30.15:901][  0]LogConfig: Setting CVar [[r.Tonemapper.Quality:5]]
[2019.12.12-04.30.15:901][  0]LogConfig: Setting CVar [[r.DOF.Gather.AccumulatorQuality:1        ; higher gathering accumulator quality]]
[2019.12.12-04.30.15:901][  0]LogConfig: Setting CVar [[r.DOF.Gather.PostfilterMethod:1          ; Median3x3 postfilering method]]
[2019.12.12-04.30.15:901][  0]LogConfig: Setting CVar [[r.DOF.Gather.EnableBokehSettings:0       ; no bokeh simulation when gathering]]
[2019.12.12-04.30.15:901][  0]LogConfig: Setting CVar [[r.DOF.Gather.RingCount:4                 ; medium number of samples when gathering]]
[2019.12.12-04.30.15:901][  0]LogConfig: Setting CVar [[r.DOF.Scatter.ForegroundCompositing:1    ; additive foreground scattering]]
[2019.12.12-04.30.15:901][  0]LogConfig: Setting CVar [[r.DOF.Scatter.BackgroundCompositing:2    ; additive background scattering]]
[2019.12.12-04.30.15:901][  0]LogConfig: Setting CVar [[r.DOF.Scatter.EnableBokehSettings:1      ; bokeh simulation when scattering]]
[2019.12.12-04.30.15:901][  0]LogConfig: Setting CVar [[r.DOF.Scatter.MaxSpriteRatio:0.1         ; only a maximum of 10% of scattered bokeh]]
[2019.12.12-04.30.15:901][  0]LogConfig: Setting CVar [[r.DOF.Recombine.Quality:1                ; cheap slight out of focus]]
[2019.12.12-04.30.15:901][  0]LogConfig: Setting CVar [[r.DOF.Recombine.EnableBokehSettings:0    ; no bokeh simulation on slight out of focus]]
[2019.12.12-04.30.15:901][  0]LogConfig: Setting CVar [[r.DOF.TemporalAAQuality:1                ; more stable temporal accumulation]]
[2019.12.12-04.30.15:902][  0]LogConfig: Setting CVar [[r.DOF.Kernel.MaxForegroundRadius:0.025]]
[2019.12.12-04.30.15:902][  0]LogConfig: Setting CVar [[r.DOF.Kernel.MaxBackgroundRadius:0.025]]
[2019.12.12-04.30.15:902][  0]LogConfig: Applying CVar settings from Section [TextureQuality@3] File [../../../WarProject_NathanJ/Saved/Config/WindowsNoEditor/Scalability.ini]
[2019.12.12-04.30.15:902][  0]LogConfig: Setting CVar [[r.Streaming.MipBias:0]]
[2019.12.12-04.30.15:902][  0]LogConfig: Setting CVar [[r.Streaming.AmortizeCPUToGPUCopy:0]]
[2019.12.12-04.30.15:902][  0]LogConfig: Setting CVar [[r.Streaming.MaxNumTexturesToStreamPerFrame:0]]
[2019.12.12-04.30.15:902][  0]LogConfig: Setting CVar [[r.Streaming.Boost:1]]
[2019.12.12-04.30.15:902][  0]LogConfig: Setting CVar [[r.MaxAnisotropy:8]]
[2019.12.12-04.30.15:902][  0]LogConfig: Setting CVar [[r.Streaming.LimitPoolSizeToVRAM:0]]
[2019.12.12-04.30.15:902][  0]LogConfig: Setting CVar [[r.Streaming.PoolSize:1000]]
[2019.12.12-04.30.15:902][  0]LogConfig: Setting CVar [[r.Streaming.MaxEffectiveScreenSize:0]]
[2019.12.12-04.30.15:902][  0]LogConfig: Applying CVar settings from Section [EffectsQuality@3] File [../../../WarProject_NathanJ/Saved/Config/WindowsNoEditor/Scalability.ini]
[2019.12.12-04.30.15:902][  0]LogConfig: Setting CVar [[r.TranslucencyLightingVolumeDim:64]]
[2019.12.12-04.30.15:902][  0]LogConfig: Setting CVar [[r.RefractionQuality:2]]
[2019.12.12-04.30.15:902][  0]LogConfig: Setting CVar [[r.SSR.Quality:3]]
[2019.12.12-04.30.15:902][  0]LogConfig: Setting CVar [[r.SceneColorFormat:4]]
[2019.12.12-04.30.15:902][  0]LogConfig: Setting CVar [[r.DetailMode:2]]
[2019.12.12-04.30.15:902][  0]LogConfig: Setting CVar [[r.TranslucencyVolumeBlur:1]]
[2019.12.12-04.30.15:902][  0]LogConfig: Setting CVar [[r.MaterialQualityLevel:1 ; High quality]]
[2019.12.12-04.30.15:902][  0]LogConfig: Setting CVar [[r.SSS.Scale:1]]
[2019.12.12-04.30.15:902][  0]LogConfig: Setting CVar [[r.SSS.SampleSet:2]]
[2019.12.12-04.30.15:902][  0]LogConfig: Setting CVar [[r.SSS.Quality:1]]
[2019.12.12-04.30.15:902][  0]LogConfig: Setting CVar [[r.SSS.HalfRes:1]]
[2019.12.12-04.30.15:902][  0]LogConfig: Setting CVar [[r.EmitterSpawnRateScale:1.0]]
[2019.12.12-04.30.15:902][  0]LogConfig: Setting CVar [[r.ParticleLightQuality:2]]
[2019.12.12-04.30.15:902][  0]LogConfig: Applying CVar settings from Section [FoliageQuality@3] File [../../../WarProject_NathanJ/Saved/Config/WindowsNoEditor/Scalability.ini]
[2019.12.12-04.30.15:902][  0]LogConfig: Setting CVar [[foliage.DensityScale:1.0]]
[2019.12.12-04.30.15:902][  0]LogConfig: Setting CVar [[grass.DensityScale:1.0]]
[2019.12.12-04.30.15:902][  0]LogConfig: Applying CVar settings from Section [Startup] File [../../../Engine/Config/ConsoleVariables.ini]
[2019.12.12-04.30.15:902][  0]LogConfig: Setting CVar [[net.UseAdaptiveNetUpdateFrequency:0]]
[2019.12.12-04.30.15:902][  0]LogConfig: Setting CVar [[p.chaos.AllowCreatePhysxBodies:1]]
[2019.12.12-04.30.15:902][  0]LogConfig: Applying CVar settings from Section [ConsoleVariables] File [../../../WarProject_NathanJ/Saved/Config/WindowsNoEditor/Engine.ini]
[2019.12.12-04.30.15:902][  0]LogInit: Computer: 0NE5IVESE7EN
[2019.12.12-04.30.15:902][  0]LogInit: User: 0ne5iveSe7en
[2019.12.12-04.30.15:902][  0]LogInit: CPU Page size=4096, Cores=4
[2019.12.12-04.30.15:902][  0]LogInit: High frequency timer resolution =10.000000 MHz
[2019.12.12-04.30.15:902][  0]LogMemory: Memory total: Physical=16.0GB (16GB approx)
[2019.12.12-04.30.15:903][  0]LogMemory: Platform Memory Stats for WindowsNoEditor
[2019.12.12-04.30.15:903][  0]LogMemory: Process Physical Memory: 55.40 MB used, 55.40 MB peak
[2019.12.12-04.30.15:903][  0]LogMemory: Process Virtual Memory: 68.59 MB used, 68.60 MB peak
[2019.12.12-04.30.15:903][  0]LogMemory: Physical Memory: 5431.07 MB used,  10908.79 MB free, 16339.86 MB total
[2019.12.12-04.30.15:903][  0]LogMemory: Virtual Memory: 4453.39 MB used,  134213272.00 MB free, 134217728.00 MB total
[2019.12.12-04.30.16:353][  0]LogWindows: WindowsPlatformFeatures enabled
[2019.12.12-04.30.16:367][  0]LogInit: Using OS detected language (en-US).
[2019.12.12-04.30.16:367][  0]LogInit: Using OS detected locale (en-US).
[2019.12.12-04.30.16:367][  0]LogTextLocalizationManager: No specific localization for 'en-US' exists, so the 'en' localization will be used.
[2019.12.12-04.30.16:395][  0]LogSlate: New Slate User Created.  User Index 0, Is Virtual User: 0
[2019.12.12-04.30.16:395][  0]LogSlate: Slate User Registered.  User Index 0, Is Virtual User: 0
[2019.12.12-04.30.16:406][  0]LogHMD: Failed to initialize OpenVR with code 110
[2019.12.12-04.30.16:406][  0]LogD3D11RHI: D3D11 adapters:
[2019.12.12-04.30.16:465][  0]LogD3D11RHI:    0. 'NVIDIA GeForce GTX 1060' (Feature Level 11_0)
[2019.12.12-04.30.16:465][  0]LogD3D11RHI:       6052/0/8169 MB DedicatedVideo/DedicatedSystem/SharedSystem, Outputs:1, VendorId:0x10de
[2019.12.12-04.30.16:469][  0]LogD3D11RHI:    1. 'Microsoft Basic Render Driver' (Feature Level 11_0)
[2019.12.12-04.30.16:469][  0]LogD3D11RHI:       0/0/8169 MB DedicatedVideo/DedicatedSystem/SharedSystem, Outputs:0, VendorId:0x1414
[2019.12.12-04.30.16:469][  0]LogD3D11RHI: Chosen D3D11 Adapter: 0
[2019.12.12-04.30.16:476][  0]LogD3D11RHI: Creating new Direct3DDevice
[2019.12.12-04.30.16:476][  0]LogD3D11RHI:     GPU DeviceId: 0x1c20 (for the marketing name, search the web for "GPU Device Id")
[2019.12.12-04.30.16:476][  0]LogWindows: EnumDisplayDevices:
[2019.12.12-04.30.16:477][  0]LogWindows:    0. 'NVIDIA GeForce GTX 1060' (P:1 D:1)
[2019.12.12-04.30.16:477][  0]LogWindows:    1. 'NVIDIA GeForce GTX 1060' (P:0 D:0)
[2019.12.12-04.30.16:477][  0]LogWindows:    2. 'NVIDIA GeForce GTX 1060' (P:0 D:0)
[2019.12.12-04.30.16:477][  0]LogWindows:    3. 'NVIDIA GeForce GTX 1060' (P:0 D:0)
[2019.12.12-04.30.16:477][  0]LogWindows: DebugString: FoundDriverCount:4 
[2019.12.12-04.30.16:477][  0]LogD3D11RHI:     Adapter Name: NVIDIA GeForce GTX 1060
[2019.12.12-04.30.16:477][  0]LogD3D11RHI:   Driver Version: 441.28 (internal:26.21.14.4128, unified:441.28)
[2019.12.12-04.30.16:478][  0]LogD3D11RHI:      Driver Date: 11-12-2019
[2019.12.12-04.30.16:478][  0]LogRHI: Texture pool is 4236 MB (70% of 6052 MB)
[2019.12.12-04.30.16:522][  0]LogD3D11RHI: Async texture creation enabled
[2019.12.12-04.30.16:534][  0]LogD3D11RHI: GPU Timing Frequency: 1000.000000 (Debug: 2 1)
[2019.12.12-04.30.16:548][  0]LogMaterial: Verifying Global Shaders for PCD3D_SM5
[2019.12.12-04.30.16:551][  0]LogSlate: Using FreeType 2.6.0
[2019.12.12-04.30.16:552][  0]LogSlate: SlateFontServices - WITH_FREETYPE: 1, WITH_HARFBUZZ: 1
[2019.12.12-04.30.16:624][  0]LogInit: Using OS detected language (en-US).
[2019.12.12-04.30.16:624][  0]LogInit: Using OS detected locale (en-US).
[2019.12.12-04.30.16:625][  0]LogTextLocalizationManager: No localization for 'en-US' exists, so 'en' will be used for the language.
[2019.12.12-04.30.16:625][  0]LogTextLocalizationManager: No localization for 'en-US' exists, so 'en' will be used for the locale.
[2019.12.12-04.30.16:625][  0]LogSlate: FontCache flush requested. Reason: Culture for localization was changed
[2019.12.12-04.30.16:625][  0]LogSlate: FontCache flush requested. Reason: Culture for localization was changed
[2019.12.12-04.30.16:626][  0]LogTextLocalizationManager: Compacting localization data took   0.88ms
[2019.12.12-04.30.16:632][  0]LogAssetRegistry: FAssetRegistry took 0.0053 seconds to start up
[2019.12.12-04.30.16:738][  0]LogStreaming: Display: Flushing async loaders.
[2019.12.12-04.30.16:738][  0]LogPackageLocalizationCache: Processed 11 localized package path(s) for 1 prioritized culture(s) in 0.000041 seconds
[2019.12.12-04.30.16:738][  0]LogPakFile: New pak file ../../../WarProject_NathanJ/Content/Paks/WarProject_NathanJ-WindowsNoEditor.pak added to pak precacher.
[2019.12.12-04.30.16:741][  0]LogInit: Selected Device Profile: [WindowsNoEditor]
[2019.12.12-04.30.16:751][  0]LogNetVersion: WarProject_NathanJ 1.0.0, NetCL: 8386587, EngineNetVer: 11, GameNetVer: 0 (Checksum: 3407128364)
[2019.12.12-04.30.16:899][  0]LogMoviePlayer: Initializing movie player
[2019.12.12-04.30.16:899][  0]LogAndroidPermission: UAndroidPermissionCallbackProxy::GetInstance
[2019.12.12-04.30.16:899][  0]LogOcInput: OculusInput pre-init called
[2019.12.12-04.30.16:905][  0]LogUObjectArray: 39543 objects as part of root set at end of initial load.
[2019.12.12-04.30.16:905][  0]LogUObjectArray: 2 objects are not in the root set, but can never be destroyed because they are in the DisregardForGC set.
[2019.12.12-04.30.16:905][  0]LogUObjectAllocator: 5931376 out of 0 bytes used by permanent object pool.
[2019.12.12-04.30.16:905][  0]LogUObjectArray: CloseDisregardForGC: 39543/39543 objects in disregard for GC pool
[2019.12.12-04.30.16:907][  0]LogEngine: Initializing Engine...
[2019.12.12-04.30.16:907][  0]LogHMD: Failed to initialize OpenVR with code 110
[2019.12.12-04.30.16:908][  0]LogStats: UGameplayTagsManager::InitializeManager -  0.000 s
[2019.12.12-04.30.17:007][  0]LogInit: Initializing FReadOnlyCVARCache
[2019.12.12-04.30.17:010][  0]LogAudioDebug: Display: Lib vorbis DLL was dynamically loaded.
[2019.12.12-04.30.17:018][  0]LogInit: XAudio2 using 'Speakers (Realtek High Definition Audio)' : 6 channels at 48 kHz using 16 bits per sample (channel mask 0x3f)
[2019.12.12-04.30.17:092][  0]LogInit: FAudioDevice initialized.
[2019.12.12-04.30.17:093][  0]LogNetVersion: Set ProjectVersion to 1.0.0.0. Version Checksum will be recalculated on next use.
[2019.12.12-04.30.17:093][  0]LogInit: Texture streaming: Enabled
[2019.12.12-04.30.17:096][  0]LogSlate: Updating window title bar state: overlay mode, drag disabled, window buttons hidden, title bar hidden
[2019.12.12-04.30.17:097][  0]LogInit: Display: Game Engine Initialized.
[2019.12.12-04.30.17:098][  0]LogInit: Display: Starting Game.
[2019.12.12-04.30.17:098][  0]LogNet: Browse: /Game/Nathan/Maps/WarProject_Map?Name=Player
[2019.12.12-04.30.17:098][  0]LogLoad: LoadMap: /Game/Nathan/Maps/WarProject_Map?Name=Player
[2019.12.12-04.30.17:098][  0]LogWorld: BeginTearingDown for /Temp/Untitled_0
[2019.12.12-04.30.17:099][  0]LogWorld: UWorld::CleanupWorld for Untitled, bSessionEnded=true, bCleanupResources=true
[2019.12.12-04.30.17:106][  0]LogUObjectHash: Compacting FUObjectHashTables data took   1.89ms
[2019.12.12-04.30.17:581][  0]LogAIModule: Creating AISystem for world WarProject_Map
[2019.12.12-04.30.17:581][  0]LogLoad: Game class is 'FirstPersonGameMode_C'
[2019.12.12-04.30.17:607][  0]LogWorld: Bringing World /Game/Nathan/Maps/WarProject_Map.WarProject_Map up for play (max tick rate 0) at 2019.12.11-22.30.17
[2019.12.12-04.30.17:611][  0]LogWorld: Bringing up level for play took: 0.028421
[2019.12.12-04.30.17:612][  0]LogGameMode: FindPlayerStart: PATHS NOT DEFINED or NO PLAYERSTART with positive rating
[2019.12.12-04.30.17:613][  0]LogLoad: Took 0.514486 seconds to LoadMap(/Game/Nathan/Maps/WarProject_Map)
[2019.12.12-04.30.17:625][  0]LogRenderer: Reallocating scene render targets to support 1920x1080 Format 10 NumSamples 1 (Frame:1).
[2019.12.12-04.30.17:625][  0]LogLoad: (Engine Initialization) Total time: 1.95 seconds
[2019.12.12-04.30.17:701][  0]LogContentStreaming: Texture pool size now 1000 MB
[2019.12.12-04.30.17:721][  0]LogRenderer: Reallocating scene render targets to support 128x128 Format 10 NumSamples 1 (Frame:1).
[2019.12.12-04.30.17:761][  0]LogRenderer: Reallocating scene render targets to support 1920x1080 Format 10 NumSamples 1 (Frame:2).
[2019.12.12-04.30.17:785][  0]LogSlate: Slate font cache was flushed
[2019.12.12-04.30.50:667][ 16]LogWindowsDesktop: Alt-F4 pressed!
[2019.12.12-04.30.50:667][ 16]LogSlate: Request Window 'WarProject_NathanJ (64-bit Development PCD3D_SM5) ' being destroyed
[2019.12.12-04.30.50:674][ 16]LogSlate: Window 'WarProject_NathanJ (64-bit Development PCD3D_SM5) ' being destroyed
[2019.12.12-04.30.50:675][ 16]LogWindowsTextInputMethodSystem: Display: IME system now deactivated.
[2019.12.12-04.30.50:682][ 16]LogSlate: Updating window title bar state: overlay mode, drag disabled, window buttons hidden, title bar hidden
[2019.12.12-04.30.50:682][ 16]LogEngine: All Windows Closed
[2019.12.12-04.30.50:682][ 16]LogWindows: FPlatformMisc::RequestExit(0)
[2019.12.12-04.30.50:710][ 17]LogWorld: BeginTearingDown for /Game/Nathan/Maps/WarProject_Map
[2019.12.12-04.30.50:711][ 17]LogWorld: UWorld::CleanupWorld for WarProject_Map, bSessionEnded=true, bCleanupResources=true
[2019.12.12-04.30.50:952][ 17]LogSlate: Slate User Destroyed.  User Index 0, Is Virtual User: 0
[2019.12.12-04.30.50:952][ 17]LogExit: Preparing to exit.
[2019.12.12-04.30.50:952][ 17]LogMoviePlayer: Shutting down movie player
[2019.12.12-04.30.50:958][ 17]LogSlate: Updating window title bar state: overlay mode, drag disabled, window buttons hidden, title bar hidden
[2019.12.12-04.30.50:973][ 17]LogDemo: Cleaned up 0 splitscreen connections with owner deletion
[2019.12.12-04.30.50:975][ 17]LogExit: Game engine shut down
[2019.12.12-04.30.51:026][ 17]LogExit: Object subsystem successfully closed.
[2019.12.12-04.30.51:039][ 17]LogModuleManager: Shutting down and abandoning module AutomationController (212)
[2019.12.12-04.30.51:039][ 17]LogModuleManager: Shutting down and abandoning module AutomationWorker (210)
[2019.12.12-04.30.51:039][ 17]LogModuleManager: Shutting down and abandoning module Voice (208)
[2019.12.12-04.30.51:039][ 17]LogModuleManager: Shutting down and abandoning module AIModule (206)
[2019.12.12-04.30.51:039][ 17]LogModuleManager: Shutting down and abandoning module GameplayDebugger (205)
[2019.12.12-04.30.51:039][ 17]LogModuleManager: Shutting down and abandoning module NavigationSystem (203)
[2019.12.12-04.30.51:039][ 17]LogModuleManager: Shutting down and abandoning module WebMMediaFactory (200)
[2019.12.12-04.30.51:039][ 17]LogModuleManager: Shutting down and abandoning module WebMMedia (198)
[2019.12.12-04.30.51:039][ 17]LogModuleManager: Shutting down and abandoning module OculusMR (196)
[2019.12.12-04.30.51:039][ 17]LogModuleManager: Shutting down and abandoning module WmfMediaFactory (194)
[2019.12.12-04.30.51:039][ 17]LogModuleManager: Shutting down and abandoning module OpenExrWrapper (192)
[2019.12.12-04.30.51:039][ 17]LogModuleManager: Shutting down and abandoning module ImgMediaFactory (190)
[2019.12.12-04.30.51:039][ 17]LogModuleManager: Shutting down and abandoning module AvfMediaFactory (188)
[2019.12.12-04.30.51:039][ 17]LogModuleManager: Shutting down and abandoning module CharacterAI (186)
[2019.12.12-04.30.51:039][ 17]LogModuleManager: Shutting down and abandoning module SessionServices (184)
[2019.12.12-04.30.51:039][ 17]LogModuleManager: Shutting down and abandoning module LiveCoding (182)
[2019.12.12-04.30.51:039][ 17]LogModuleManager: Shutting down and abandoning module LevelSequence (180)
[2019.12.12-04.30.51:039][ 17]LogModuleManager: Shutting down and abandoning module MovieSceneTracks (178)
[2019.12.12-04.30.51:039][ 17]LogModuleManager: Shutting down and abandoning module MovieScene (176)
[2019.12.12-04.30.51:039][ 17]LogModuleManager: Shutting down and abandoning module StreamingPauseRendering (174)
[2019.12.12-04.30.51:039][ 17]LogModuleManager: Shutting down and abandoning module ImageWriteQueue (172)
[2019.12.12-04.30.51:040][ 17]LogModuleManager: Shutting down and abandoning module ProfilerService (170)
[2019.12.12-04.30.51:226][ 17]LogModuleManager: Shutting down and abandoning module TaskGraph (168)
[2019.12.12-04.30.51:226][ 17]LogModuleManager: Shutting down and abandoning module SteamVRController (166)
[2019.12.12-04.30.51:226][ 17]LogModuleManager: Shutting down and abandoning module ProceduralMeshComponent (164)
[2019.12.12-04.30.51:227][ 17]LogModuleManager: Shutting down and abandoning module OculusInput (162)
[2019.12.12-04.30.51:227][ 17]LogModuleManager: Shutting down and abandoning module MobilePatchingUtils (160)
[2019.12.12-04.30.51:227][ 17]LogModuleManager: Shutting down and abandoning module EditableMesh (158)
[2019.12.12-04.30.51:227][ 17]LogModuleManager: Shutting down and abandoning module CustomMeshComponent (156)
[2019.12.12-04.30.51:227][ 17]LogModuleManager: Shutting down and abandoning module CableComponent (154)
[2019.12.12-04.30.51:227][ 17]LogModuleManager: Shutting down and abandoning module AudioCapture (152)
[2019.12.12-04.30.51:227][ 17]LogModuleManager: Shutting down and abandoning module ArchVisCharacter (150)
[2019.12.12-04.30.51:227][ 17]LogModuleManager: Shutting down and abandoning module AppleImageUtils (148)
[2019.12.12-04.30.51:227][ 17]LogModuleManager: Shutting down and abandoning module AndroidPermission (146)
[2019.12.12-04.30.51:227][ 17]LogModuleManager: Shutting down and abandoning module MediaCompositing (144)
[2019.12.12-04.30.51:227][ 17]LogModuleManager: Shutting down and abandoning module ImgMedia (142)
[2019.12.12-04.30.51:227][ 17]LogModuleManager: Shutting down and abandoning module HTML5Networking (140)
[2019.12.12-04.30.51:227][ 17]LogModuleManager: Shutting down and abandoning module BackChannel (138)
[2019.12.12-04.30.51:227][ 17]LogModuleManager: Shutting down and abandoning module AutomationUtils (136)
[2019.12.12-04.30.51:227][ 17]LogModuleManager: Shutting down and abandoning module GeometryCacheTracks (134)
[2019.12.12-04.30.51:227][ 17]LogModuleManager: Shutting down and abandoning module GeometryCache (132)
[2019.12.12-04.30.51:227][ 17]LogModuleManager: Shutting down and abandoning module VariantManagerContent (130)
[2019.12.12-04.30.51:227][ 17]LogModuleManager: Shutting down and abandoning module RuntimePhysXCooking (128)
[2019.12.12-04.30.51:227][ 17]LogModuleManager: Shutting down and abandoning module LocationServicesBPLibrary (124)
[2019.12.12-04.30.51:227][ 17]LogModuleManager: Shutting down and abandoning module ActorSequence (122)
[2019.12.12-04.30.51:227][ 17]LogModuleManager: Shutting down and abandoning module UdpMessaging (120)
[2019.12.12-04.30.51:227][ 17]LogModuleManager: Shutting down and abandoning module TcpMessaging (118)
[2019.12.12-04.30.51:228][ 17]LogModuleManager: Shutting down and abandoning module FacialAnimation (116)
[2019.12.12-04.30.51:228][ 17]LogModuleManager: Shutting down and abandoning module SignificanceManager (114)
[2019.12.12-04.30.51:228][ 17]LogModuleManager: Shutting down and abandoning module AnimationSharing (112)
[2019.12.12-04.30.51:228][ 17]LogModuleManager: Shutting down and abandoning module LightPropagationVolumeRuntime (110)
[2019.12.12-04.30.51:228][ 17]LogModuleManager: Shutting down and abandoning module Paper2D (108)
[2019.12.12-04.30.51:228][ 17]LogModuleManager: Shutting down and abandoning module WindowsMoviePlayer (106)
[2019.12.12-04.30.51:238][ 17]LogModuleManager: Shutting down and abandoning module WebMMoviePlayer (104)
[2019.12.12-04.30.51:238][ 17]LogModuleManager: Shutting down and abandoning module NetworkReplayStreaming (102)
[2019.12.12-04.30.51:238][ 17]LogModuleManager: Shutting down and abandoning module PacketHandler (100)
[2019.12.12-04.30.51:238][ 17]LogModuleManager: Shutting down and abandoning module ClothingSystemRuntime (98)
[2019.12.12-04.30.51:238][ 17]LogModuleManager: Shutting down and abandoning module MediaAssets (96)
[2019.12.12-04.30.51:238][ 17]LogModuleManager: Shutting down and abandoning module Overlay (94)
[2019.12.12-04.30.51:238][ 17]LogModuleManager: Shutting down and abandoning module UMG (92)
[2019.12.12-04.30.51:238][ 17]LogModuleManager: Shutting down and abandoning module SlateReflector (90)
[2019.12.12-04.30.51:239][ 17]LogModuleManager: Shutting down and abandoning module Slate (88)
[2019.12.12-04.30.51:239][ 17]LogModuleManager: Shutting down and abandoning module MRMesh (86)
[2019.12.12-04.30.51:239][ 17]LogModuleManager: Shutting down and abandoning module Messaging (84)
[2019.12.12-04.30.51:239][ 17]LogModuleManager: Shutting down and abandoning module HeadMountedDisplay (82)
[2019.12.12-04.30.51:239][ 17]LogModuleManager: Shutting down and abandoning module XAudio2 (80)
[2019.12.12-04.30.51:239][ 17]LogModuleManager: Shutting down and abandoning module Networking (78)
[2019.12.12-04.30.51:239][ 17]LogModuleManager: Shutting down and abandoning module Core (76)
[2019.12.12-04.30.51:239][ 17]LogModuleManager: Shutting down and abandoning module ImageWrapper (72)
[2019.12.12-04.30.51:239][ 17]LogModuleManager: Shutting down and abandoning module InputCore (70)
[2019.12.12-04.30.51:239][ 17]LogModuleManager: Shutting down and abandoning module PhysXCooking (68)
[2019.12.12-04.30.51:239][ 17]LogModuleManager: Shutting down and abandoning module WindowsPlatformFeatures (66)
[2019.12.12-04.30.51:239][ 17]LogModuleManager: Shutting down and abandoning module GameplayMediaEncoder (65)
[2019.12.12-04.30.51:239][ 17]LogModuleManager: Shutting down and abandoning module SteamVR (62)
[2019.12.12-04.30.51:239][ 17]LogHMD: Freeing OpenVRDLLHandle.
[2019.12.12-04.30.51:239][ 17]LogModuleManager: Shutting down and abandoning module OculusHMD (60)
[2019.12.12-04.30.51:239][ 17]LogModuleManager: Shutting down and abandoning module ExampleDeviceProfileSelector (58)
[2019.12.12-04.30.51:239][ 17]LogModuleManager: Shutting down and abandoning module LauncherChunkInstaller (56)
[2019.12.12-04.30.51:239][ 17]LogModuleManager: Shutting down and abandoning module OnlineSubsystem (52)
[2019.12.12-04.30.51:240][ 17]LogModuleManager: Shutting down and abandoning module HTTP (47)
[2019.12.12-04.30.51:251][ 17]LogModuleManager: Shutting down and abandoning module SSL (46)
[2019.12.12-04.30.51:252][ 17]LogModuleManager: Shutting down and abandoning module WmfMedia (42)
[2019.12.12-04.30.51:254][ 17]LogModuleManager: Shutting down and abandoning module Media (41)
[2019.12.12-04.30.51:254][ 17]LogModuleManager: Shutting down and abandoning module DatasmithContent (38)
[2019.12.12-04.30.51:255][ 17]LogModuleManager: Shutting down and abandoning module AISupportModule (36)
[2019.12.12-04.30.51:255][ 17]LogModuleManager: Shutting down and abandoning module PlatformCryptoOpenSSL (34)
[2019.12.12-04.30.51:255][ 17]LogModuleManager: Shutting down and abandoning module PlatformCrypto (32)
[2019.12.12-04.30.51:255][ 17]LogModuleManager: Shutting down and abandoning module RenderCore (30)
[2019.12.12-04.30.51:255][ 17]LogModuleManager: Shutting down and abandoning module Landscape (28)
[2019.12.12-04.30.51:255][ 17]LogModuleManager: Shutting down and abandoning module SlateRHIRenderer (26)
[2019.12.12-04.30.51:261][ 17]LogModuleManager: Shutting down and abandoning module OpenGLDrv (24)
[2019.12.12-04.30.51:261][ 17]LogModuleManager: Shutting down and abandoning module D3D11RHI (22)
[2019.12.12-04.30.51:261][ 17]LogModuleManager: Shutting down and abandoning module AnimGraphRuntime (20)
[2019.12.12-04.30.51:261][ 17]LogModuleManager: Shutting down and abandoning module Renderer (18)
[2019.12.12-04.30.51:261][ 17]LogModuleManager: Shutting down and abandoning module Engine (16)
[2019.12.12-04.30.51:261][ 17]LogModuleManager: Shutting down and abandoning module CoreUObject (14)
[2019.12.12-04.30.51:261][ 17]LogModuleManager: Shutting down and abandoning module NetworkFile (12)
[2019.12.12-04.30.51:261][ 17]LogModuleManager: Shutting down and abandoning module CookedIterativeFile (10)
[2019.12.12-04.30.51:261][ 17]LogModuleManager: Shutting down and abandoning module StreamingFile (8)
[2019.12.12-04.30.51:261][ 17]LogModuleManager: Shutting down and abandoning module SandboxFile (6)
[2019.12.12-04.30.51:262][ 17]LogModuleManager: Shutting down and abandoning module PakFile (4)
[2019.12.12-04.30.51:263][ 17]LogModuleManager: Shutting down and abandoning module RSA (3)
[2019.12.12-04.30.51:264][ 17]LogD3D11RHI: Shutdown
[2019.12.12-04.30.51:264][ 17]LogD3D11RHI: CleanupD3DDevice
[2019.12.12-04.30.51:266][ 17]LogRendererCore: FGlobalDynamicReadBuffer::Cleanup()
[2019.12.12-04.30.51:266][ 17]LogRendererCore: FGlobalDynamicReadBuffer::Cleanup()
[2019.12.12-04.30.51:266][ 17]LogRendererCore: FGlobalDynamicReadBuffer::Cleanup()
[2019.12.12-04.30.51:361][ 17]LogD3D11RHI: ~FD3D11DynamicRHI
[2019.12.12-04.30.51:366][ 17]LogExit: Exiting.
[2019.12.12-04.30.51:376][ 17]Log file closed, 12/11/19 22:30:51
